mode: set
mempool/pkg/logging/zap.go:28.29,29.19 1 0
mempool/pkg/logging/zap.go:29.19,30.36 1 0
mempool/pkg/logging/zap.go:30.36,32.4 1 0
mempool/pkg/logging/zap.go:32.9,34.4 1 0
mempool/pkg/logging/zap.go:36.2,36.31 1 0
mempool/mocks/pkg_logging_zap.go:27.71,31.2 3 0
mempool/mocks/pkg_logging_zap.go:34.69,36.2 1 0
mempool/mocks/pkg_logging_zap.go:39.90,44.2 4 0
mempool/mocks/pkg_logging_zap.go:47.85,50.2 2 0
mempool/mocks/pkg_logging_zap.go:53.49,58.2 4 0
mempool/mocks/pkg_logging_zap.go:61.62,64.2 2 0
mempool/mocks/pkg_logging_zap.go:67.68,70.25 3 0
mempool/mocks/pkg_logging_zap.go:70.25,72.3 1 0
mempool/mocks/pkg_logging_zap.go:73.2,73.38 1 0
mempool/mocks/pkg_logging_zap.go:77.101,81.2 3 0
mempool/mocks/pkg_logging_zap.go:84.67,87.25 3 0
mempool/mocks/pkg_logging_zap.go:87.25,89.3 1 0
mempool/mocks/pkg_logging_zap.go:90.2,90.37 1 0
mempool/mocks/pkg_logging_zap.go:94.100,98.2 3 0
mempool/mocks/pkg_logging_zap.go:101.67,104.25 3 0
mempool/mocks/pkg_logging_zap.go:104.25,106.3 1 0
mempool/mocks/pkg_logging_zap.go:107.2,107.37 1 0
mempool/mocks/pkg_logging_zap.go:111.100,115.2 3 0
mempool/mocks/pkg_logging_zap.go:118.67,121.25 3 0
mempool/mocks/pkg_logging_zap.go:121.25,123.3 1 0
mempool/mocks/pkg_logging_zap.go:124.2,124.37 1 0
mempool/mocks/pkg_logging_zap.go:128.100,132.2 3 0
mempool/mocks/pkg_logging_zap.go:135.66,138.25 3 0
mempool/mocks/pkg_logging_zap.go:138.25,140.3 1 0
mempool/mocks/pkg_logging_zap.go:141.2,141.36 1 0
mempool/mocks/pkg_logging_zap.go:145.99,149.2 3 0
mempool/mocks/pkg_logging_zap.go:152.60,157.2 4 0
mempool/mocks/pkg_logging_zap.go:160.79,163.2 2 0
mempool/mocks/pkg_logging_zap.go:166.67,169.25 3 0
mempool/mocks/pkg_logging_zap.go:169.25,171.3 1 0
mempool/mocks/pkg_logging_zap.go:172.2,172.37 1 0
mempool/mocks/pkg_logging_zap.go:176.100,180.2 3 0
mempool/mocks/pkg_logging_zap.go:183.56,188.2 4 0
mempool/mocks/pkg_logging_zap.go:191.63,194.2 2 0
mempool/mocks/pkg_logging_zap.go:197.42,202.2 4 0
mempool/mocks/pkg_logging_zap.go:205.62,208.2 2 0
mempool/mocks/pkg_logging_zap.go:211.66,214.25 3 0
mempool/mocks/pkg_logging_zap.go:214.25,216.3 1 0
mempool/mocks/pkg_logging_zap.go:217.2,217.36 1 0
mempool/mocks/pkg_logging_zap.go:221.99,225.2 3 0
mempool/mocks/pkg_logging_zap.go:228.65,231.25 3 0
mempool/mocks/pkg_logging_zap.go:231.25,233.3 1 0
mempool/mocks/pkg_logging_zap.go:234.2,236.13 3 0
mempool/mocks/pkg_logging_zap.go:240.81,243.2 2 0
mempool/mocks/pkg_logging_zap.go:246.73,249.25 3 0
mempool/mocks/pkg_logging_zap.go:249.25,251.3 1 0
mempool/mocks/pkg_logging_zap.go:252.2,254.13 3 0
mempool/mocks/pkg_logging_zap.go:258.88,261.2 2 0
mempool/mocks/pkg_types_mempool.go:27.59,31.2 3 0
mempool/mocks/pkg_types_mempool.go:34.57,36.2 1 0
mempool/mocks/pkg_types_mempool.go:39.72,44.2 4 0
mempool/mocks/pkg_types_mempool.go:47.78,50.2 2 0
mempool/mocks/pkg_types_mempool.go:53.43,56.2 2 0
mempool/mocks/pkg_types_mempool.go:59.69,62.2 2 0
mempool/mocks/pkg_types_mempool.go:65.44,70.2 4 0
mempool/mocks/pkg_types_mempool.go:73.64,76.2 2 0
mempool/mocks/pkg_types_mempool.go:79.62,85.2 5 0
mempool/mocks/pkg_types_mempool.go:88.75,91.2 2 0
mempool/mocks/pkg_types_mempool.go:94.44,99.2 4 0
mempool/mocks/pkg_types_mempool.go:102.66,105.2 2 0
mempool/mocks/pkg_types_mempool.go:108.40,113.2 4 0
mempool/mocks/pkg_types_mempool.go:116.62,119.2 2 0
mempool/mocks/pkg_types_tx.go:25.51,29.2 3 0
mempool/mocks/pkg_types_tx.go:32.49,34.2 1 0
mempool/mocks/pkg_types_tx.go:37.40,40.2 2 0
mempool/mocks/pkg_types_tx.go:43.66,46.2 2 0
mempool/cmd/mempool/main.go:20.13,27.66 7 0
mempool/cmd/mempool/main.go:27.66,29.3 1 0
mempool/cmd/mempool/main.go:29.8,33.99 3 0
mempool/cmd/mempool/main.go:33.99,35.4 1 0
mempool/cmd/mempool/main.go:35.9,41.23 6 0
mempool/cmd/mempool/main.go:41.23,44.65 3 0
mempool/cmd/mempool/main.go:44.65,47.25 3 0
mempool/cmd/mempool/main.go:47.25,50.7 2 0
mempool/cmd/mempool/main.go:51.6,52.94 2 0
mempool/cmd/mempool/main.go:52.94,55.7 2 0
mempool/cmd/mempool/main.go:55.12,55.113 1 0
mempool/cmd/mempool/main.go:55.113,58.7 2 0
mempool/cmd/mempool/main.go:58.12,60.105 2 0
mempool/cmd/mempool/main.go:60.105,63.8 2 0
mempool/cmd/mempool/main.go:67.4,67.38 1 0
mempool/cmd/mempool/main.go:67.38,69.5 1 0
mempool/cmd/mempool/main.go:69.10,71.5 1 0
mempool/cmd/mempool/main.go:72.4,74.48 3 0
mempool/cmd/mempool/main.go:74.48,76.5 1 0
mempool/cmd/mempool/main.go:79.2,79.46 1 0
mempool/pkg/util/environment.go:8.36,10.2 1 0
mempool/mocks/pkg_logging_zap.go:27.71,31.2 3 1
mempool/mocks/pkg_logging_zap.go:34.69,36.2 1 1
mempool/mocks/pkg_logging_zap.go:39.90,44.2 4 0
mempool/mocks/pkg_logging_zap.go:47.85,50.2 2 0
mempool/mocks/pkg_logging_zap.go:53.49,58.2 4 0
mempool/mocks/pkg_logging_zap.go:61.62,64.2 2 0
mempool/mocks/pkg_logging_zap.go:67.68,70.25 3 0
mempool/mocks/pkg_logging_zap.go:70.25,72.3 1 0
mempool/mocks/pkg_logging_zap.go:73.2,73.38 1 0
mempool/mocks/pkg_logging_zap.go:77.101,81.2 3 0
mempool/mocks/pkg_logging_zap.go:84.67,87.25 3 0
mempool/mocks/pkg_logging_zap.go:87.25,89.3 1 0
mempool/mocks/pkg_logging_zap.go:90.2,90.37 1 0
mempool/mocks/pkg_logging_zap.go:94.100,98.2 3 0
mempool/mocks/pkg_logging_zap.go:101.67,104.25 3 0
mempool/mocks/pkg_logging_zap.go:104.25,106.3 1 0
mempool/mocks/pkg_logging_zap.go:107.2,107.37 1 0
mempool/mocks/pkg_logging_zap.go:111.100,115.2 3 0
mempool/mocks/pkg_logging_zap.go:118.67,121.25 3 1
mempool/mocks/pkg_logging_zap.go:121.25,123.3 1 0
mempool/mocks/pkg_logging_zap.go:124.2,124.37 1 1
mempool/mocks/pkg_logging_zap.go:128.100,132.2 3 1
mempool/mocks/pkg_logging_zap.go:135.66,138.25 3 0
mempool/mocks/pkg_logging_zap.go:138.25,140.3 1 0
mempool/mocks/pkg_logging_zap.go:141.2,141.36 1 0
mempool/mocks/pkg_logging_zap.go:145.99,149.2 3 0
mempool/mocks/pkg_logging_zap.go:152.60,157.2 4 0
mempool/mocks/pkg_logging_zap.go:160.79,163.2 2 0
mempool/mocks/pkg_logging_zap.go:166.67,169.25 3 0
mempool/mocks/pkg_logging_zap.go:169.25,171.3 1 0
mempool/mocks/pkg_logging_zap.go:172.2,172.37 1 0
mempool/mocks/pkg_logging_zap.go:176.100,180.2 3 0
mempool/mocks/pkg_logging_zap.go:183.56,188.2 4 0
mempool/mocks/pkg_logging_zap.go:191.63,194.2 2 0
mempool/mocks/pkg_logging_zap.go:197.42,202.2 4 0
mempool/mocks/pkg_logging_zap.go:205.62,208.2 2 0
mempool/mocks/pkg_logging_zap.go:211.66,214.25 3 1
mempool/mocks/pkg_logging_zap.go:214.25,216.3 1 0
mempool/mocks/pkg_logging_zap.go:217.2,217.36 1 1
mempool/mocks/pkg_logging_zap.go:221.99,225.2 3 1
mempool/mocks/pkg_logging_zap.go:228.65,231.25 3 0
mempool/mocks/pkg_logging_zap.go:231.25,233.3 1 0
mempool/mocks/pkg_logging_zap.go:234.2,236.13 3 0
mempool/mocks/pkg_logging_zap.go:240.81,243.2 2 0
mempool/mocks/pkg_logging_zap.go:246.73,249.25 3 0
mempool/mocks/pkg_logging_zap.go:249.25,251.3 1 0
mempool/mocks/pkg_logging_zap.go:252.2,254.13 3 0
mempool/mocks/pkg_logging_zap.go:258.88,261.2 2 0
mempool/mocks/pkg_types_mempool.go:27.59,31.2 3 0
mempool/mocks/pkg_types_mempool.go:34.57,36.2 1 0
mempool/mocks/pkg_types_mempool.go:39.72,44.2 4 0
mempool/mocks/pkg_types_mempool.go:47.78,50.2 2 0
mempool/mocks/pkg_types_mempool.go:53.43,56.2 2 0
mempool/mocks/pkg_types_mempool.go:59.69,62.2 2 0
mempool/mocks/pkg_types_mempool.go:65.44,70.2 4 0
mempool/mocks/pkg_types_mempool.go:73.64,76.2 2 0
mempool/mocks/pkg_types_mempool.go:79.62,85.2 5 0
mempool/mocks/pkg_types_mempool.go:88.75,91.2 2 0
mempool/mocks/pkg_types_mempool.go:94.44,99.2 4 0
mempool/mocks/pkg_types_mempool.go:102.66,105.2 2 0
mempool/mocks/pkg_types_mempool.go:108.40,113.2 4 0
mempool/mocks/pkg_types_mempool.go:116.62,119.2 2 0
mempool/mocks/pkg_types_tx.go:25.51,29.2 3 0
mempool/mocks/pkg_types_tx.go:32.49,34.2 1 0
mempool/mocks/pkg_types_tx.go:37.40,40.2 2 0
mempool/mocks/pkg_types_tx.go:43.66,46.2 2 0
mempool/pkg/logging/zap.go:28.29,29.19 1 1
mempool/pkg/logging/zap.go:29.19,30.36 1 1
mempool/pkg/logging/zap.go:30.36,32.4 1 0
mempool/pkg/logging/zap.go:32.9,34.4 1 1
mempool/pkg/logging/zap.go:36.2,36.31 1 1
mempool/pkg/types/mempool.go:22.37,22.54 1 1
mempool/pkg/types/mempool.go:23.37,23.77 1 1
mempool/pkg/types/mempool.go:24.37,24.64 1 1
mempool/pkg/types/mempool.go:26.38,28.2 1 1
mempool/pkg/types/mempool.go:30.36,36.2 5 1
mempool/pkg/types/mempool.go:63.68,64.22 1 1
mempool/pkg/types/mempool.go:64.22,66.3 1 1
mempool/pkg/types/mempool.go:67.2,78.3 1 1
mempool/pkg/types/mempool.go:81.41,83.2 1 1
mempool/pkg/types/mempool.go:85.69,91.46 4 1
mempool/pkg/types/mempool.go:91.46,95.3 3 0
mempool/pkg/types/mempool.go:96.2,100.56 3 1
mempool/pkg/types/mempool.go:100.56,104.3 3 1
mempool/pkg/types/mempool.go:106.2,109.20 3 1
mempool/pkg/types/mempool.go:109.20,112.27 1 1
mempool/pkg/types/mempool.go:112.27,114.4 1 1
mempool/pkg/types/mempool.go:118.2,124.12 4 1
mempool/pkg/types/mempool.go:127.73,133.38 1 1
mempool/pkg/types/mempool.go:133.38,147.51 7 1
mempool/pkg/types/mempool.go:147.51,151.12 4 0
mempool/pkg/types/mempool.go:155.3,155.42 1 1
mempool/pkg/types/mempool.go:155.42,158.45 2 1
mempool/pkg/types/mempool.go:158.45,162.5 2 1
mempool/pkg/types/mempool.go:162.10,165.13 3 0
mempool/pkg/types/mempool.go:169.3,172.12 4 1
mempool/pkg/types/mempool.go:174.2,174.95 1 1
mempool/pkg/types/mempool.go:178.54,182.13 4 0
mempool/pkg/types/mempool.go:182.13,184.3 1 0
mempool/pkg/types/mempool.go:186.2,186.30 1 0
mempool/pkg/types/mempool.go:186.30,187.25 1 0
mempool/pkg/types/mempool.go:187.25,189.9 2 0
mempool/pkg/types/mempool.go:192.2,193.12 2 0
mempool/pkg/types/mempool.go:196.47,199.31 3 1
mempool/pkg/types/mempool.go:199.31,201.3 1 0
mempool/pkg/types/mempool.go:202.2,204.38 2 1
mempool/pkg/types/mempool.go:204.38,204.82 1 0
mempool/pkg/types/mempool.go:205.2,206.16 2 1
mempool/pkg/types/mempool.go:206.16,209.3 2 0
mempool/pkg/types/mempool.go:210.2,211.25 2 1
mempool/pkg/types/mempool.go:211.25,212.178 1 0
mempool/pkg/types/mempool.go:212.178,214.12 2 0
mempool/pkg/types/mempool.go:217.2,217.12 1 1
mempool/pkg/types/mempool.go:220.40,222.2 1 1
mempool/pkg/types/mempool.go:225.53,230.2 4 1
mempool/pkg/types/mempool.go:233.37,237.2 3 1
mempool/pkg/types/tx.go:23.96,24.73 1 1
mempool/pkg/types/tx.go:24.73,26.3 1 1
mempool/pkg/types/tx.go:27.2,32.3 1 1
mempool/pkg/types/tx.go:35.36,37.2 1 1
mempool/pkg/util/environment.go:8.36,10.2 1 1
